<?xml version="1.0" encoding="UTF-8"?>
<!-- Generated by org.testng.reporters.JUnitReportReporter -->
<testsuite hostname="Ganesh-PC" failures="0" tests="2" name="AEC_Testcase.AEC_testcase_add_student" time="30.826" errors="0" timestamp="2020-12-06T14:39:05 IST" skipped="0">
  <testcase classname="AEC_Testcase.AEC_testcase_add_student" name="genaral_information" time="15.481"/>
  <testcase classname="AEC_Testcase.AEC_testcase_add_student" name="education_history" time="15.345"/>
</testsuite> <!-- AEC_Testcase.AEC_testcase_add_student -->
