<?xml version="1.0" encoding="UTF-8"?>
<!-- Generated by org.testng.reporters.JUnitReportReporter -->
<testsuite hostname="Ganesh-PC" failures="0" tests="6" name="AEC_Testcase.AEC_testcase_join_as_agency" time="307.408" errors="0" timestamp="2020-11-13T12:13:41 IST" skipped="0">
  <testcase classname="AEC_Testcase.AEC_testcase_join_as_agency" name="join_as_agency_mandatory" time="37.488"/>
  <testcase classname="AEC_Testcase.AEC_testcase_join_as_agency" name="join_as_agency_allfields" time="71.703"/>
  <testcase classname="AEC_Testcase.AEC_testcase_join_as_agency" name="upload_profile_doc" time="56.763"/>
  <testcase classname="AEC_Testcase.AEC_testcase_join_as_agency" name="upload_profile_ppt" time="55.517"/>
  <testcase classname="AEC_Testcase.AEC_testcase_join_as_agency" name="upload_profile_excel" time="53.070"/>
  <testcase classname="AEC_Testcase.AEC_testcase_join_as_agency" name="agency_already_registered" time="32.867"/>
</testsuite> <!-- AEC_Testcase.AEC_testcase_join_as_agency -->
