<?xml version="1.0" encoding="UTF-8"?>
<!-- Generated by org.testng.reporters.JUnitReportReporter -->
<testsuite hostname="Ganesh-PC" failures="0" tests="2" name="AEC_Testcase.AEC_testcase_Portal_setting" time="72.816" errors="0" timestamp="2020-10-12T14:19:31 IST" skipped="0">
  <testcase classname="AEC_Testcase.AEC_testcase_Portal_setting" name="upload_portal_logo" time="41.154"/>
  <testcase classname="AEC_Testcase.AEC_testcase_Portal_setting" name="cancel_upload_poral_logo" time="31.662"/>
</testsuite> <!-- AEC_Testcase.AEC_testcase_Portal_setting -->
