<?xml version="1.0" encoding="UTF-8"?>
<!-- Generated by org.testng.reporters.JUnitReportReporter -->
<testsuite hostname="Ganesh-PC" failures="0" tests="6" name="AEC_Testcase.AEC_testcase_login" time="117.323" errors="0" timestamp="2020-10-29T19:25:53 IST" skipped="0">
  <testcase classname="AEC_Testcase.AEC_testcase_login" name="login_with_valid_user" time="19.176"/>
  <testcase classname="AEC_Testcase.AEC_testcase_login" name="login_with_invalid_user" time="19.615"/>
  <testcase classname="AEC_Testcase.AEC_testcase_login" name="login_with_wrong_password" time="23.832"/>
  <testcase classname="AEC_Testcase.AEC_testcase_login" name="reset_password" time="21.002"/>
  <testcase classname="AEC_Testcase.AEC_testcase_login" name="invalid_reset_password" time="16.835"/>
  <testcase classname="AEC_Testcase.AEC_testcase_login" name="back_button_forget_password" time="16.863"/>
</testsuite> <!-- AEC_Testcase.AEC_testcase_login -->
